{"C:\\Users\\KIIT\\Desktop\\keeper\\backend\\app.js": {"path":"C:\\Users\\KIIT\\Desktop\\keeper\\backend\\app.js","statementMap":{"0":{"start":{"line":1,"column":16},"end":{"line":1,"column":34}},"1":{"start":{"line":2,"column":13},"end":{"line":2,"column":28}},"2":{"start":{"line":3,"column":17},"end":{"line":3,"column":36}},"3":{"start":{"line":4,"column":12},"end":{"line":4,"column":35}},"4":{"start":{"line":5,"column":15},"end":{"line":5,"column":32}},"5":{"start":{"line":6,"column":0},"end":{"line":6,"column":27}},"6":{"start":{"line":8,"column":12},"end":{"line":8,"column":21}},"7":{"start":{"line":10,"column":0},"end":{"line":12,"column":1}},"8":{"start":{"line":11,"column":2},"end":{"line":11,"column":39}},"9":{"start":{"line":14,"column":19},"end":{"line":19,"column":2}},"10":{"start":{"line":21,"column":13},"end":{"line":21,"column":47}},"11":{"start":{"line":23,"column":20},"end":{"line":27,"column":1}},"12":{"start":{"line":29,"column":13},"end":{"line":29,"column":48}},"13":{"start":{"line":31,"column":0},"end":{"line":31,"column":24}},"14":{"start":{"line":32,"column":0},"end":{"line":32,"column":50}},"15":{"start":{"line":36,"column":21},"end":{"line":36,"column":49}},"16":{"start":{"line":37,"column":16},"end":{"line":37,"column":41}},"17":{"start":{"line":38,"column":2},"end":{"line":38,"column":41}},"18":{"start":{"line":38,"column":14},"end":{"line":38,"column":41}},"19":{"start":{"line":40,"column":2},"end":{"line":44,"column":5}},"20":{"start":{"line":41,"column":4},"end":{"line":41,"column":40}},"21":{"start":{"line":41,"column":13},"end":{"line":41,"column":40}},"22":{"start":{"line":42,"column":4},"end":{"line":42,"column":20}},"23":{"start":{"line":43,"column":4},"end":{"line":43,"column":11}},"24":{"start":{"line":48,"column":0},"end":{"line":61,"column":3}},"25":{"start":{"line":49,"column":43},"end":{"line":49,"column":51}},"26":{"start":{"line":50,"column":19},"end":{"line":50,"column":48}},"27":{"start":{"line":51,"column":2},"end":{"line":51,"column":80}},"28":{"start":{"line":51,"column":16},"end":{"line":51,"column":80}},"29":{"start":{"line":52,"column":2},"end":{"line":60,"column":3}},"30":{"start":{"line":53,"column":27},"end":{"line":53,"column":58}},"31":{"start":{"line":54,"column":17},"end":{"line":54,"column":75}},"32":{"start":{"line":55,"column":4},"end":{"line":55,"column":22}},"33":{"start":{"line":56,"column":18},"end":{"line":56,"column":90}},"34":{"start":{"line":57,"column":4},"end":{"line":57,"column":36}},"35":{"start":{"line":59,"column":4},"end":{"line":59,"column":61}},"36":{"start":{"line":63,"column":0},"end":{"line":76,"column":3}},"37":{"start":{"line":64,"column":30},"end":{"line":64,"column":38}},"38":{"start":{"line":65,"column":2},"end":{"line":75,"column":3}},"39":{"start":{"line":66,"column":17},"end":{"line":66,"column":46}},"40":{"start":{"line":67,"column":4},"end":{"line":67,"column":74}},"41":{"start":{"line":67,"column":15},"end":{"line":67,"column":74}},"42":{"start":{"line":68,"column":18},"end":{"line":68,"column":63}},"43":{"start":{"line":69,"column":4},"end":{"line":69,"column":77}},"44":{"start":{"line":69,"column":16},"end":{"line":69,"column":77}},"45":{"start":{"line":71,"column":18},"end":{"line":71,"column":90}},"46":{"start":{"line":72,"column":4},"end":{"line":72,"column":36}},"47":{"start":{"line":74,"column":4},"end":{"line":74,"column":53}},"48":{"start":{"line":78,"column":0},"end":{"line":86,"column":3}},"49":{"start":{"line":79,"column":2},"end":{"line":85,"column":3}},"50":{"start":{"line":80,"column":17},"end":{"line":80,"column":51}},"51":{"start":{"line":81,"column":4},"end":{"line":81,"column":74}},"52":{"start":{"line":81,"column":15},"end":{"line":81,"column":74}},"53":{"start":{"line":82,"column":4},"end":{"line":82,"column":34}},"54":{"start":{"line":84,"column":4},"end":{"line":84,"column":63}},"55":{"start":{"line":88,"column":0},"end":{"line":95,"column":3}},"56":{"start":{"line":89,"column":2},"end":{"line":94,"column":3}},"57":{"start":{"line":90,"column":18},"end":{"line":90,"column":57}},"58":{"start":{"line":91,"column":4},"end":{"line":91,"column":20}},"59":{"start":{"line":93,"column":4},"end":{"line":93,"column":62}},"60":{"start":{"line":97,"column":0},"end":{"line":106,"column":3}},"61":{"start":{"line":98,"column":29},"end":{"line":98,"column":37}},"62":{"start":{"line":99,"column":2},"end":{"line":105,"column":3}},"63":{"start":{"line":100,"column":20},"end":{"line":100,"column":68}},"64":{"start":{"line":101,"column":22},"end":{"line":101,"column":42}},"65":{"start":{"line":102,"column":4},"end":{"line":102,"column":36}},"66":{"start":{"line":104,"column":4},"end":{"line":104,"column":59}},"67":{"start":{"line":108,"column":0},"end":{"line":120,"column":3}},"68":{"start":{"line":109,"column":2},"end":{"line":119,"column":3}},"69":{"start":{"line":110,"column":24},"end":{"line":114,"column":5}},"70":{"start":{"line":115,"column":4},"end":{"line":115,"column":69}},"71":{"start":{"line":115,"column":22},"end":{"line":115,"column":69}},"72":{"start":{"line":116,"column":4},"end":{"line":116,"column":26}},"73":{"start":{"line":118,"column":4},"end":{"line":118,"column":49}},"74":{"start":{"line":122,"column":0},"end":{"line":135,"column":3}},"75":{"start":{"line":123,"column":2},"end":{"line":134,"column":3}},"76":{"start":{"line":124,"column":24},"end":{"line":127,"column":6}},"77":{"start":{"line":128,"column":4},"end":{"line":129,"column":86}},"78":{"start":{"line":129,"column":6},"end":{"line":129,"column":86}},"79":{"start":{"line":131,"column":4},"end":{"line":131,"column":67}},"80":{"start":{"line":133,"column":4},"end":{"line":133,"column":61}},"81":{"start":{"line":137,"column":0},"end":{"line":137,"column":21}}},"fnMap":{"0":{"name":"authenticateToken","decl":{"start":{"line":35,"column":9},"end":{"line":35,"column":26}},"loc":{"start":{"line":35,"column":43},"end":{"line":45,"column":1}},"line":35},"1":{"name":"(anonymous_1)","decl":{"start":{"line":40,"column":44},"end":{"line":40,"column":45}},"loc":{"start":{"line":40,"column":59},"end":{"line":44,"column":3}},"line":40},"2":{"name":"(anonymous_2)","decl":{"start":{"line":48,"column":22},"end":{"line":48,"column":23}},"loc":{"start":{"line":48,"column":42},"end":{"line":61,"column":1}},"line":48},"3":{"name":"(anonymous_3)","decl":{"start":{"line":63,"column":19},"end":{"line":63,"column":20}},"loc":{"start":{"line":63,"column":39},"end":{"line":76,"column":1}},"line":63},"4":{"name":"(anonymous_4)","decl":{"start":{"line":78,"column":40},"end":{"line":78,"column":41}},"loc":{"start":{"line":78,"column":60},"end":{"line":86,"column":1}},"line":78},"5":{"name":"(anonymous_5)","decl":{"start":{"line":88,"column":32},"end":{"line":88,"column":33}},"loc":{"start":{"line":88,"column":52},"end":{"line":95,"column":1}},"line":88},"6":{"name":"(anonymous_6)","decl":{"start":{"line":97,"column":33},"end":{"line":97,"column":34}},"loc":{"start":{"line":97,"column":53},"end":{"line":106,"column":1}},"line":97},"7":{"name":"(anonymous_7)","decl":{"start":{"line":108,"column":44},"end":{"line":108,"column":45}},"loc":{"start":{"line":108,"column":64},"end":{"line":120,"column":1}},"line":108},"8":{"name":"(anonymous_8)","decl":{"start":{"line":122,"column":39},"end":{"line":122,"column":40}},"loc":{"start":{"line":122,"column":59},"end":{"line":135,"column":1}},"line":122}},"branchMap":{"0":{"loc":{"start":{"line":10,"column":0},"end":{"line":12,"column":1}},"type":"if","locations":[{"start":{"line":10,"column":0},"end":{"line":12,"column":1}},{"start":{},"end":{}}],"line":10},"1":{"loc":{"start":{"line":38,"column":2},"end":{"line":38,"column":41}},"type":"if","locations":[{"start":{"line":38,"column":2},"end":{"line":38,"column":41}},{"start":{},"end":{}}],"line":38},"2":{"loc":{"start":{"line":41,"column":4},"end":{"line":41,"column":40}},"type":"if","locations":[{"start":{"line":41,"column":4},"end":{"line":41,"column":40}},{"start":{},"end":{}}],"line":41},"3":{"loc":{"start":{"line":51,"column":2},"end":{"line":51,"column":80}},"type":"if","locations":[{"start":{"line":51,"column":2},"end":{"line":51,"column":80}},{"start":{},"end":{}}],"line":51},"4":{"loc":{"start":{"line":67,"column":4},"end":{"line":67,"column":74}},"type":"if","locations":[{"start":{"line":67,"column":4},"end":{"line":67,"column":74}},{"start":{},"end":{}}],"line":67},"5":{"loc":{"start":{"line":69,"column":4},"end":{"line":69,"column":77}},"type":"if","locations":[{"start":{"line":69,"column":4},"end":{"line":69,"column":77}},{"start":{},"end":{}}],"line":69},"6":{"loc":{"start":{"line":81,"column":4},"end":{"line":81,"column":74}},"type":"if","locations":[{"start":{"line":81,"column":4},"end":{"line":81,"column":74}},{"start":{},"end":{}}],"line":81},"7":{"loc":{"start":{"line":115,"column":4},"end":{"line":115,"column":69}},"type":"if","locations":[{"start":{"line":115,"column":4},"end":{"line":115,"column":69}},{"start":{},"end":{}}],"line":115},"8":{"loc":{"start":{"line":128,"column":4},"end":{"line":129,"column":86}},"type":"if","locations":[{"start":{"line":128,"column":4},"end":{"line":129,"column":86}},{"start":{},"end":{}}],"line":128}},"s":{"0":2,"1":2,"2":2,"3":2,"4":2,"5":2,"6":2,"7":2,"8":0,"9":2,"10":2,"11":2,"12":2,"13":2,"14":2,"15":4,"16":4,"17":4,"18":0,"19":4,"20":4,"21":0,"22":4,"23":4,"24":2,"25":3,"26":3,"27":3,"28":1,"29":2,"30":2,"31":2,"32":2,"33":2,"34":2,"35":0,"36":2,"37":2,"38":2,"39":2,"40":2,"41":0,"42":2,"43":2,"44":0,"45":2,"46":2,"47":0,"48":2,"49":0,"50":0,"51":0,"52":0,"53":0,"54":0,"55":2,"56":1,"57":1,"58":1,"59":0,"60":2,"61":1,"62":1,"63":1,"64":1,"65":1,"66":0,"67":2,"68":1,"69":1,"70":1,"71":0,"72":1,"73":0,"74":2,"75":1,"76":1,"77":1,"78":0,"79":1,"80":0,"81":2},"f":{"0":4,"1":4,"2":3,"3":2,"4":0,"5":1,"6":1,"7":1,"8":1},"b":{"0":[0,2],"1":[0,4],"2":[0,4],"3":[1,2],"4":[0,2],"5":[0,2],"6":[0,0],"7":[0,1],"8":[0,1]},"_coverageSchema":"1a1c01bbd47fc00a2c39e90264f33305004495a9","hash":"49e7fceb4d14a653c134d9c193403776ad785122"}
}
