TN:
SF:app.js
FN:35,authenticateToken
FN:40,(anonymous_1)
FN:48,(anonymous_2)
FN:63,(anonymous_3)
FN:78,(anonymous_4)
FN:88,(anonymous_5)
FN:97,(anonymous_6)
FN:108,(anonymous_7)
FN:122,(anonymous_8)
FNF:9
FNH:8
FNDA:4,authenticateToken
FNDA:4,(anonymous_1)
FNDA:3,(anonymous_2)
FNDA:2,(anonymous_3)
FNDA:0,(anonymous_4)
FNDA:1,(anonymous_5)
FNDA:1,(anonymous_6)
FNDA:1,(anonymous_7)
FNDA:1,(anonymous_8)
DA:1,2
DA:2,2
DA:3,2
DA:4,2
DA:5,2
DA:6,2
DA:8,2
DA:10,2
DA:11,0
DA:14,2
DA:21,2
DA:23,2
DA:29,2
DA:31,2
DA:32,2
DA:36,4
DA:37,4
DA:38,4
DA:40,4
DA:41,4
DA:42,4
DA:43,4
DA:48,2
DA:49,3
DA:50,3
DA:51,3
DA:52,2
DA:53,2
DA:54,2
DA:55,2
DA:56,2
DA:57,2
DA:59,0
DA:63,2
DA:64,2
DA:65,2
DA:66,2
DA:67,2
DA:68,2
DA:69,2
DA:71,2
DA:72,2
DA:74,0
DA:78,2
DA:79,0
DA:80,0
DA:81,0
DA:82,0
DA:84,0
DA:88,2
DA:89,1
DA:90,1
DA:91,1
DA:93,0
DA:97,2
DA:98,1
DA:99,1
DA:100,1
DA:101,1
DA:102,1
DA:104,0
DA:108,2
DA:109,1
DA:110,1
DA:115,1
DA:116,1
DA:118,0
DA:122,2
DA:123,1
DA:124,1
DA:128,1
DA:129,0
DA:131,1
DA:133,0
DA:137,2
LF:75
LH:62
BRDA:10,0,0,0
BRDA:10,0,1,2
BRDA:38,1,0,0
BRDA:38,1,1,4
BRDA:41,2,0,0
BRDA:41,2,1,4
BRDA:51,3,0,1
BRDA:51,3,1,2
BRDA:67,4,0,0
BRDA:67,4,1,2
BRDA:69,5,0,0
BRDA:69,5,1,2
BRDA:81,6,0,0
BRDA:81,6,1,0
BRDA:115,7,0,0
BRDA:115,7,1,1
BRDA:128,8,0,0
BRDA:128,8,1,1
BRF:18
BRH:9
end_of_record
